<?xml version="1.0" encoding="UTF-8"?>
<testsuite xmlns:xsi="http://www.w3.org/2001/XMLSchema-instance" xsi:noNamespaceSchemaLocation="https://maven.apache.org/surefire/maven-surefire-plugin/xsd/surefire-test-report.xsd" version="3.0.2" name="com.hs.blog.HsBlogApplicationTests" time="3.61" tests="1" errors="0" skipped="0" failures="0">
  <properties>
    <property name="java.specification.version" value="17"/>
    <property name="sun.cpu.isalist" value="amd64"/>
    <property name="sun.jnu.encoding" value="GBK"/>
    <property name="java.class.path" value="D:\myblog\hs-blog\target\test-classes;D:\myblog\hs-blog\target\classes;D:\Develop_tool\maven-repository\org\springframework\boot\spring-boot-starter-web\3.4.4\spring-boot-starter-web-3.4.4.jar;D:\Develop_tool\maven-repository\org\springframework\boot\spring-boot-starter\3.4.4\spring-boot-starter-3.4.4.jar;D:\Develop_tool\maven-repository\org\springframework\boot\spring-boot\3.4.4\spring-boot-3.4.4.jar;D:\Develop_tool\maven-repository\org\springframework\boot\spring-boot-starter-logging\3.4.4\spring-boot-starter-logging-3.4.4.jar;D:\Develop_tool\maven-repository\ch\qos\logback\logback-classic\1.5.18\logback-classic-1.5.18.jar;D:\Develop_tool\maven-repository\ch\qos\logback\logback-core\1.5.18\logback-core-1.5.18.jar;D:\Develop_tool\maven-repository\org\apache\logging\log4j\log4j-to-slf4j\2.24.3\log4j-to-slf4j-2.24.3.jar;D:\Develop_tool\maven-repository\org\apache\logging\log4j\log4j-api\2.24.3\log4j-api-2.24.3.jar;D:\Develop_tool\maven-repository\org\slf4j\jul-to-slf4j\2.0.17\jul-to-slf4j-2.0.17.jar;D:\Develop_tool\maven-repository\jakarta\annotation\jakarta.annotation-api\2.1.1\jakarta.annotation-api-2.1.1.jar;D:\Develop_tool\maven-repository\org\yaml\snakeyaml\2.3\snakeyaml-2.3.jar;D:\Develop_tool\maven-repository\org\springframework\boot\spring-boot-starter-json\3.4.4\spring-boot-starter-json-3.4.4.jar;D:\Develop_tool\maven-repository\com\fasterxml\jackson\datatype\jackson-datatype-jdk8\2.18.3\jackson-datatype-jdk8-2.18.3.jar;D:\Develop_tool\maven-repository\com\fasterxml\jackson\datatype\jackson-datatype-jsr310\2.18.3\jackson-datatype-jsr310-2.18.3.jar;D:\Develop_tool\maven-repository\com\fasterxml\jackson\module\jackson-module-parameter-names\2.18.3\jackson-module-parameter-names-2.18.3.jar;D:\Develop_tool\maven-repository\org\springframework\boot\spring-boot-starter-tomcat\3.4.4\spring-boot-starter-tomcat-3.4.4.jar;D:\Develop_tool\maven-repository\org\apache\tomcat\embed\tomcat-embed-core\10.1.39\tomcat-embed-core-10.1.39.jar;D:\Develop_tool\maven-repository\org\apache\tomcat\embed\tomcat-embed-el\10.1.39\tomcat-embed-el-10.1.39.jar;D:\Develop_tool\maven-repository\org\apache\tomcat\embed\tomcat-embed-websocket\10.1.39\tomcat-embed-websocket-10.1.39.jar;D:\Develop_tool\maven-repository\org\springframework\spring-web\6.2.5\spring-web-6.2.5.jar;D:\Develop_tool\maven-repository\org\springframework\spring-beans\6.2.5\spring-beans-6.2.5.jar;D:\Develop_tool\maven-repository\io\micrometer\micrometer-observation\1.14.5\micrometer-observation-1.14.5.jar;D:\Develop_tool\maven-repository\io\micrometer\micrometer-commons\1.14.5\micrometer-commons-1.14.5.jar;D:\Develop_tool\maven-repository\org\springframework\spring-webmvc\6.2.5\spring-webmvc-6.2.5.jar;D:\Develop_tool\maven-repository\org\springframework\spring-aop\6.2.5\spring-aop-6.2.5.jar;D:\Develop_tool\maven-repository\org\springframework\spring-context\6.2.5\spring-context-6.2.5.jar;D:\Develop_tool\maven-repository\org\springframework\spring-expression\6.2.5\spring-expression-6.2.5.jar;D:\Develop_tool\maven-repository\com\mysql\mysql-connector-j\9.1.0\mysql-connector-j-9.1.0.jar;D:\Develop_tool\maven-repository\org\projectlombok\lombok\1.18.36\lombok-1.18.36.jar;D:\Develop_tool\maven-repository\org\springframework\boot\spring-boot-starter-test\3.4.4\spring-boot-starter-test-3.4.4.jar;D:\Develop_tool\maven-repository\org\springframework\boot\spring-boot-test\3.4.4\spring-boot-test-3.4.4.jar;D:\Develop_tool\maven-repository\org\springframework\boot\spring-boot-test-autoconfigure\3.4.4\spring-boot-test-autoconfigure-3.4.4.jar;D:\Develop_tool\maven-repository\com\jayway\jsonpath\json-path\2.9.0\json-path-2.9.0.jar;D:\Develop_tool\maven-repository\jakarta\xml\bind\jakarta.xml.bind-api\4.0.2\jakarta.xml.bind-api-4.0.2.jar;D:\Develop_tool\maven-repository\jakarta\activation\jakarta.activation-api\2.1.3\jakarta.activation-api-2.1.3.jar;D:\Develop_tool\maven-repository\net\minidev\json-smart\2.5.2\json-smart-2.5.2.jar;D:\Develop_tool\maven-repository\net\minidev\accessors-smart\2.5.2\accessors-smart-2.5.2.jar;D:\Develop_tool\maven-repository\org\ow2\asm\asm\9.7.1\asm-9.7.1.jar;D:\Develop_tool\maven-repository\org\assertj\assertj-core\3.26.3\assertj-core-3.26.3.jar;D:\Develop_tool\maven-repository\net\bytebuddy\byte-buddy\1.15.11\byte-buddy-1.15.11.jar;D:\Develop_tool\maven-repository\org\awaitility\awaitility\4.2.2\awaitility-4.2.2.jar;D:\Develop_tool\maven-repository\org\hamcrest\hamcrest\2.2\hamcrest-2.2.jar;D:\Develop_tool\maven-repository\org\junit\jupiter\junit-jupiter\5.11.4\junit-jupiter-5.11.4.jar;D:\Develop_tool\maven-repository\org\junit\jupiter\junit-jupiter-api\5.11.4\junit-jupiter-api-5.11.4.jar;D:\Develop_tool\maven-repository\org\opentest4j\opentest4j\1.3.0\opentest4j-1.3.0.jar;D:\Develop_tool\maven-repository\org\junit\platform\junit-platform-commons\1.11.4\junit-platform-commons-1.11.4.jar;D:\Develop_tool\maven-repository\org\apiguardian\apiguardian-api\1.1.2\apiguardian-api-1.1.2.jar;D:\Develop_tool\maven-repository\org\junit\jupiter\junit-jupiter-params\5.11.4\junit-jupiter-params-5.11.4.jar;D:\Develop_tool\maven-repository\org\junit\jupiter\junit-jupiter-engine\5.11.4\junit-jupiter-engine-5.11.4.jar;D:\Develop_tool\maven-repository\org\junit\platform\junit-platform-engine\1.11.4\junit-platform-engine-1.11.4.jar;D:\Develop_tool\maven-repository\org\mockito\mockito-core\5.14.2\mockito-core-5.14.2.jar;D:\Develop_tool\maven-repository\net\bytebuddy\byte-buddy-agent\1.15.11\byte-buddy-agent-1.15.11.jar;D:\Develop_tool\maven-repository\org\objenesis\objenesis\3.3\objenesis-3.3.jar;D:\Develop_tool\maven-repository\org\mockito\mockito-junit-jupiter\5.14.2\mockito-junit-jupiter-5.14.2.jar;D:\Develop_tool\maven-repository\org\skyscreamer\jsonassert\1.5.3\jsonassert-1.5.3.jar;D:\Develop_tool\maven-repository\com\vaadin\external\google\android-json\0.0.20131108.vaadin1\android-json-0.0.20131108.vaadin1.jar;D:\Develop_tool\maven-repository\org\springframework\spring-core\6.2.5\spring-core-6.2.5.jar;D:\Develop_tool\maven-repository\org\springframework\spring-jcl\6.2.5\spring-jcl-6.2.5.jar;D:\Develop_tool\maven-repository\org\springframework\spring-test\6.2.5\spring-test-6.2.5.jar;D:\Develop_tool\maven-repository\org\xmlunit\xmlunit-core\2.10.0\xmlunit-core-2.10.0.jar;D:\Develop_tool\maven-repository\com\baomidou\mybatis-plus-spring-boot3-starter\3.5.11\mybatis-plus-spring-boot3-starter-3.5.11.jar;D:\Develop_tool\maven-repository\com\baomidou\mybatis-plus\3.5.11\mybatis-plus-3.5.11.jar;D:\Develop_tool\maven-repository\com\baomidou\mybatis-plus-core\3.5.11\mybatis-plus-core-3.5.11.jar;D:\Develop_tool\maven-repository\com\baomidou\mybatis-plus-annotation\3.5.11\mybatis-plus-annotation-3.5.11.jar;D:\Develop_tool\maven-repository\com\baomidou\mybatis-plus-spring\3.5.11\mybatis-plus-spring-3.5.11.jar;D:\Develop_tool\maven-repository\org\mybatis\mybatis\3.5.19\mybatis-3.5.19.jar;D:\Develop_tool\maven-repository\org\mybatis\mybatis-spring\3.0.4\mybatis-spring-3.0.4.jar;D:\Develop_tool\maven-repository\com\baomidou\mybatis-plus-spring-boot-autoconfigure\3.5.11\mybatis-plus-spring-boot-autoconfigure-3.5.11.jar;D:\Develop_tool\maven-repository\org\springframework\boot\spring-boot-autoconfigure\3.4.4\spring-boot-autoconfigure-3.4.4.jar;D:\Develop_tool\maven-repository\org\springframework\boot\spring-boot-starter-jdbc\3.4.4\spring-boot-starter-jdbc-3.4.4.jar;D:\Develop_tool\maven-repository\com\zaxxer\HikariCP\5.1.0\HikariCP-5.1.0.jar;D:\Develop_tool\maven-repository\org\springframework\spring-jdbc\6.2.5\spring-jdbc-6.2.5.jar;D:\Develop_tool\maven-repository\com\baomidou\mybatis-plus-jsqlparser\3.5.9\mybatis-plus-jsqlparser-3.5.9.jar;D:\Develop_tool\maven-repository\com\github\jsqlparser\jsqlparser\5.0\jsqlparser-5.0.jar;D:\Develop_tool\maven-repository\com\baomidou\mybatis-plus-jsqlparser-common\3.5.9\mybatis-plus-jsqlparser-common-3.5.9.jar;D:\Develop_tool\maven-repository\com\baomidou\mybatis-plus-extension\3.5.9\mybatis-plus-extension-3.5.9.jar;D:\Develop_tool\maven-repository\javax\xml\bind\jaxb-api\2.3.1\jaxb-api-2.3.1.jar;D:\Develop_tool\maven-repository\javax\activation\javax.activation-api\1.2.0\javax.activation-api-1.2.0.jar;D:\Develop_tool\maven-repository\com\sun\xml\bind\jaxb-impl\2.3.1\jaxb-impl-2.3.1.jar;D:\Develop_tool\maven-repository\com\sun\xml\bind\jaxb-core\2.3.0\jaxb-core-2.3.0.jar;D:\Develop_tool\maven-repository\io\jsonwebtoken\jjwt-api\0.11.5\jjwt-api-0.11.5.jar;D:\Develop_tool\maven-repository\io\jsonwebtoken\jjwt-impl\0.11.5\jjwt-impl-0.11.5.jar;D:\Develop_tool\maven-repository\io\jsonwebtoken\jjwt-jackson\0.11.5\jjwt-jackson-0.11.5.jar;D:\Develop_tool\maven-repository\com\fasterxml\jackson\core\jackson-databind\2.18.3\jackson-databind-2.18.3.jar;D:\Develop_tool\maven-repository\com\fasterxml\jackson\core\jackson-annotations\2.18.3\jackson-annotations-2.18.3.jar;D:\Develop_tool\maven-repository\com\fasterxml\jackson\core\jackson-core\2.18.3\jackson-core-2.18.3.jar;D:\Develop_tool\maven-repository\junit\junit\4.13.2\junit-4.13.2.jar;D:\Develop_tool\maven-repository\org\hamcrest\hamcrest-core\2.2\hamcrest-core-2.2.jar;D:\Develop_tool\maven-repository\org\testng\testng\7.11.0\testng-7.11.0.jar;D:\Develop_tool\maven-repository\org\slf4j\slf4j-api\2.0.17\slf4j-api-2.0.17.jar;D:\Develop_tool\maven-repository\org\jcommander\jcommander\1.83\jcommander-1.83.jar;D:\Develop_tool\maven-repository\org\webjars\jquery\3.7.1\jquery-3.7.1.jar;D:\Develop_tool\maven-repository\com\github\xiaoymin\knife4j-openapi3-jakarta-spring-boot-starter\4.5.0\knife4j-openapi3-jakarta-spring-boot-starter-4.5.0.jar;D:\Develop_tool\maven-repository\com\github\xiaoymin\knife4j-core\4.5.0\knife4j-core-4.5.0.jar;D:\Develop_tool\maven-repository\com\github\xiaoymin\knife4j-openapi3-ui\4.5.0\knife4j-openapi3-ui-4.5.0.jar;D:\Develop_tool\maven-repository\org\springdoc\springdoc-openapi-starter-webmvc-ui\2.3.0\springdoc-openapi-starter-webmvc-ui-2.3.0.jar;D:\Develop_tool\maven-repository\org\springdoc\springdoc-openapi-starter-webmvc-api\2.3.0\springdoc-openapi-starter-webmvc-api-2.3.0.jar;D:\Develop_tool\maven-repository\org\springdoc\springdoc-openapi-starter-common\2.3.0\springdoc-openapi-starter-common-2.3.0.jar;D:\Develop_tool\maven-repository\io\swagger\core\v3\swagger-core-jakarta\2.2.19\swagger-core-jakarta-2.2.19.jar;D:\Develop_tool\maven-repository\io\swagger\core\v3\swagger-annotations-jakarta\2.2.19\swagger-annotations-jakarta-2.2.19.jar;D:\Develop_tool\maven-repository\io\swagger\core\v3\swagger-models-jakarta\2.2.19\swagger-models-jakarta-2.2.19.jar;D:\Develop_tool\maven-repository\jakarta\validation\jakarta.validation-api\3.0.2\jakarta.validation-api-3.0.2.jar;D:\Develop_tool\maven-repository\com\fasterxml\jackson\dataformat\jackson-dataformat-yaml\2.18.3\jackson-dataformat-yaml-2.18.3.jar;D:\Develop_tool\maven-repository\org\webjars\swagger-ui\5.10.3\swagger-ui-5.10.3.jar;D:\Develop_tool\maven-repository\io\springfox\springfox-swagger2\3.0.0\springfox-swagger2-3.0.0.jar;D:\Develop_tool\maven-repository\io\springfox\springfox-spi\3.0.0\springfox-spi-3.0.0.jar;D:\Develop_tool\maven-repository\io\springfox\springfox-core\3.0.0\springfox-core-3.0.0.jar;D:\Develop_tool\maven-repository\io\springfox\springfox-schema\3.0.0\springfox-schema-3.0.0.jar;D:\Develop_tool\maven-repository\io\springfox\springfox-swagger-common\3.0.0\springfox-swagger-common-3.0.0.jar;D:\Develop_tool\maven-repository\io\swagger\core\v3\swagger-annotations\2.1.2\swagger-annotations-2.1.2.jar;D:\Develop_tool\maven-repository\io\springfox\springfox-spring-web\3.0.0\springfox-spring-web-3.0.0.jar;D:\Develop_tool\maven-repository\io\github\classgraph\classgraph\4.8.83\classgraph-4.8.83.jar;D:\Develop_tool\maven-repository\io\springfox\springfox-spring-webmvc\3.0.0\springfox-spring-webmvc-3.0.0.jar;D:\Develop_tool\maven-repository\io\springfox\springfox-spring-webflux\3.0.0\springfox-spring-webflux-3.0.0.jar;D:\Develop_tool\maven-repository\com\fasterxml\classmate\1.7.0\classmate-1.7.0.jar;D:\Develop_tool\maven-repository\org\springframework\plugin\spring-plugin-core\2.0.0.RELEASE\spring-plugin-core-2.0.0.RELEASE.jar;D:\Develop_tool\maven-repository\org\springframework\plugin\spring-plugin-metadata\2.0.0.RELEASE\spring-plugin-metadata-2.0.0.RELEASE.jar;D:\Develop_tool\maven-repository\io\swagger\swagger-annotations\1.5.20\swagger-annotations-1.5.20.jar;D:\Develop_tool\maven-repository\io\swagger\swagger-models\1.5.20\swagger-models-1.5.20.jar;D:\Develop_tool\maven-repository\org\mapstruct\mapstruct\1.3.1.Final\mapstruct-1.3.1.Final.jar;D:\Develop_tool\maven-repository\cn\hutool\hutool-all\5.8.16\hutool-all-5.8.16.jar;D:\Develop_tool\maven-repository\com\aliyun\oss\aliyun-sdk-oss\3.15.1\aliyun-sdk-oss-3.15.1.jar;D:\Develop_tool\maven-repository\org\apache\httpcomponents\httpclient\4.4.1\httpclient-4.4.1.jar;D:\Develop_tool\maven-repository\commons-codec\commons-codec\1.17.2\commons-codec-1.17.2.jar;D:\Develop_tool\maven-repository\org\jdom\jdom2\2.0.6.1\jdom2-2.0.6.1.jar;D:\Develop_tool\maven-repository\org\codehaus\jettison\jettison\1.1\jettison-1.1.jar;D:\Develop_tool\maven-repository\stax\stax-api\1.0.1\stax-api-1.0.1.jar;D:\Develop_tool\maven-repository\com\aliyun\aliyun-java-sdk-ram\3.1.0\aliyun-java-sdk-ram-3.1.0.jar;D:\Develop_tool\maven-repository\com\aliyun\aliyun-java-sdk-kms\2.11.0\aliyun-java-sdk-kms-2.11.0.jar;D:\Develop_tool\maven-repository\com\aliyun\aliyun-java-sdk-core\4.6.3\aliyun-java-sdk-core-4.6.3.jar;D:\Develop_tool\maven-repository\com\google\code\gson\gson\2.11.0\gson-2.11.0.jar;D:\Develop_tool\maven-repository\com\google\errorprone\error_prone_annotations\2.27.0\error_prone_annotations-2.27.0.jar;D:\Develop_tool\maven-repository\org\apache\httpcomponents\httpcore\4.4.16\httpcore-4.4.16.jar;D:\Develop_tool\maven-repository\commons-logging\commons-logging\1.2\commons-logging-1.2.jar;D:\Develop_tool\maven-repository\org\apache\commons\commons-lang3\3.17.0\commons-lang3-3.17.0.jar;D:\Develop_tool\maven-repository\org\glassfish\jaxb\jaxb-runtime\4.0.5\jaxb-runtime-4.0.5.jar;D:\Develop_tool\maven-repository\org\glassfish\jaxb\jaxb-core\4.0.5\jaxb-core-4.0.5.jar;D:\Develop_tool\maven-repository\org\eclipse\angus\angus-activation\2.0.2\angus-activation-2.0.2.jar;D:\Develop_tool\maven-repository\org\glassfish\jaxb\txw2\4.0.5\txw2-4.0.5.jar;D:\Develop_tool\maven-repository\com\sun\istack\istack-commons-runtime\4.1.2\istack-commons-runtime-4.1.2.jar;D:\Develop_tool\maven-repository\org\bouncycastle\bcprov-jdk15on\1.70\bcprov-jdk15on-1.70.jar;D:\Develop_tool\maven-repository\org\jacoco\org.jacoco.agent\0.8.8\org.jacoco.agent-0.8.8-runtime.jar;D:\Develop_tool\maven-repository\org\ini4j\ini4j\0.5.4\ini4j-0.5.4.jar;D:\Develop_tool\maven-repository\io\opentracing\opentracing-api\0.33.0\opentracing-api-0.33.0.jar;D:\Develop_tool\maven-repository\io\opentracing\opentracing-util\0.33.0\opentracing-util-0.33.0.jar;D:\Develop_tool\maven-repository\io\opentracing\opentracing-noop\0.33.0\opentracing-noop-0.33.0.jar;D:\Develop_tool\maven-repository\org\springframework\boot\spring-boot-starter-data-redis\3.4.4\spring-boot-starter-data-redis-3.4.4.jar;D:\Develop_tool\maven-repository\io\lettuce\lettuce-core\6.4.2.RELEASE\lettuce-core-6.4.2.RELEASE.jar;D:\Develop_tool\maven-repository\io\netty\netty-common\4.1.119.Final\netty-common-4.1.119.Final.jar;D:\Develop_tool\maven-repository\io\netty\netty-handler\4.1.119.Final\netty-handler-4.1.119.Final.jar;D:\Develop_tool\maven-repository\io\netty\netty-resolver\4.1.119.Final\netty-resolver-4.1.119.Final.jar;D:\Develop_tool\maven-repository\io\netty\netty-buffer\4.1.119.Final\netty-buffer-4.1.119.Final.jar;D:\Develop_tool\maven-repository\io\netty\netty-transport-native-unix-common\4.1.119.Final\netty-transport-native-unix-common-4.1.119.Final.jar;D:\Develop_tool\maven-repository\io\netty\netty-codec\4.1.119.Final\netty-codec-4.1.119.Final.jar;D:\Develop_tool\maven-repository\io\netty\netty-transport\4.1.119.Final\netty-transport-4.1.119.Final.jar;D:\Develop_tool\maven-repository\io\projectreactor\reactor-core\3.7.4\reactor-core-3.7.4.jar;D:\Develop_tool\maven-repository\org\reactivestreams\reactive-streams\1.0.4\reactive-streams-1.0.4.jar;D:\Develop_tool\maven-repository\org\springframework\data\spring-data-redis\3.4.4\spring-data-redis-3.4.4.jar;D:\Develop_tool\maven-repository\org\springframework\data\spring-data-keyvalue\3.4.4\spring-data-keyvalue-3.4.4.jar;D:\Develop_tool\maven-repository\org\springframework\data\spring-data-commons\3.4.4\spring-data-commons-3.4.4.jar;D:\Develop_tool\maven-repository\org\springframework\spring-tx\6.2.5\spring-tx-6.2.5.jar;D:\Develop_tool\maven-repository\org\springframework\spring-oxm\6.2.5\spring-oxm-6.2.5.jar;D:\Develop_tool\maven-repository\org\springframework\spring-context-support\6.2.5\spring-context-support-6.2.5.jar;"/>
    <property name="java.vm.vendor" value="Oracle Corporation"/>
    <property name="sun.arch.data.model" value="64"/>
    <property name="user.variant" value=""/>
    <property name="java.vendor.url" value="https://java.oracle.com/"/>
    <property name="user.timezone" value="Asia/Shanghai"/>
    <property name="os.name" value="Windows 11"/>
    <property name="java.vm.specification.version" value="17"/>
    <property name="APPLICATION_NAME" value="hs-blog"/>
    <property name="sun.java.launcher" value="SUN_STANDARD"/>
    <property name="user.country" value="CN"/>
    <property name="sun.boot.library.path" value="D:\Develop_tool\Java\jdk-17\bin"/>
    <property name="sun.java.command" value="C:\Users\LHS\AppData\Local\Temp\surefire13708269823401391296\surefirebooter-20250430140211098_3.jar C:\Users\LHS\AppData\Local\Temp\surefire13708269823401391296 2025-04-30T14-02-10_963-jvmRun1 surefire-20250430140211098_1tmp surefire_0-20250430140211098_2tmp"/>
    <property name="jdk.debug" value="release"/>
    <property name="surefire.test.class.path" value="D:\myblog\hs-blog\target\test-classes;D:\myblog\hs-blog\target\classes;D:\Develop_tool\maven-repository\org\springframework\boot\spring-boot-starter-web\3.4.4\spring-boot-starter-web-3.4.4.jar;D:\Develop_tool\maven-repository\org\springframework\boot\spring-boot-starter\3.4.4\spring-boot-starter-3.4.4.jar;D:\Develop_tool\maven-repository\org\springframework\boot\spring-boot\3.4.4\spring-boot-3.4.4.jar;D:\Develop_tool\maven-repository\org\springframework\boot\spring-boot-starter-logging\3.4.4\spring-boot-starter-logging-3.4.4.jar;D:\Develop_tool\maven-repository\ch\qos\logback\logback-classic\1.5.18\logback-classic-1.5.18.jar;D:\Develop_tool\maven-repository\ch\qos\logback\logback-core\1.5.18\logback-core-1.5.18.jar;D:\Develop_tool\maven-repository\org\apache\logging\log4j\log4j-to-slf4j\2.24.3\log4j-to-slf4j-2.24.3.jar;D:\Develop_tool\maven-repository\org\apache\logging\log4j\log4j-api\2.24.3\log4j-api-2.24.3.jar;D:\Develop_tool\maven-repository\org\slf4j\jul-to-slf4j\2.0.17\jul-to-slf4j-2.0.17.jar;D:\Develop_tool\maven-repository\jakarta\annotation\jakarta.annotation-api\2.1.1\jakarta.annotation-api-2.1.1.jar;D:\Develop_tool\maven-repository\org\yaml\snakeyaml\2.3\snakeyaml-2.3.jar;D:\Develop_tool\maven-repository\org\springframework\boot\spring-boot-starter-json\3.4.4\spring-boot-starter-json-3.4.4.jar;D:\Develop_tool\maven-repository\com\fasterxml\jackson\datatype\jackson-datatype-jdk8\2.18.3\jackson-datatype-jdk8-2.18.3.jar;D:\Develop_tool\maven-repository\com\fasterxml\jackson\datatype\jackson-datatype-jsr310\2.18.3\jackson-datatype-jsr310-2.18.3.jar;D:\Develop_tool\maven-repository\com\fasterxml\jackson\module\jackson-module-parameter-names\2.18.3\jackson-module-parameter-names-2.18.3.jar;D:\Develop_tool\maven-repository\org\springframework\boot\spring-boot-starter-tomcat\3.4.4\spring-boot-starter-tomcat-3.4.4.jar;D:\Develop_tool\maven-repository\org\apache\tomcat\embed\tomcat-embed-core\10.1.39\tomcat-embed-core-10.1.39.jar;D:\Develop_tool\maven-repository\org\apache\tomcat\embed\tomcat-embed-el\10.1.39\tomcat-embed-el-10.1.39.jar;D:\Develop_tool\maven-repository\org\apache\tomcat\embed\tomcat-embed-websocket\10.1.39\tomcat-embed-websocket-10.1.39.jar;D:\Develop_tool\maven-repository\org\springframework\spring-web\6.2.5\spring-web-6.2.5.jar;D:\Develop_tool\maven-repository\org\springframework\spring-beans\6.2.5\spring-beans-6.2.5.jar;D:\Develop_tool\maven-repository\io\micrometer\micrometer-observation\1.14.5\micrometer-observation-1.14.5.jar;D:\Develop_tool\maven-repository\io\micrometer\micrometer-commons\1.14.5\micrometer-commons-1.14.5.jar;D:\Develop_tool\maven-repository\org\springframework\spring-webmvc\6.2.5\spring-webmvc-6.2.5.jar;D:\Develop_tool\maven-repository\org\springframework\spring-aop\6.2.5\spring-aop-6.2.5.jar;D:\Develop_tool\maven-repository\org\springframework\spring-context\6.2.5\spring-context-6.2.5.jar;D:\Develop_tool\maven-repository\org\springframework\spring-expression\6.2.5\spring-expression-6.2.5.jar;D:\Develop_tool\maven-repository\com\mysql\mysql-connector-j\9.1.0\mysql-connector-j-9.1.0.jar;D:\Develop_tool\maven-repository\org\projectlombok\lombok\1.18.36\lombok-1.18.36.jar;D:\Develop_tool\maven-repository\org\springframework\boot\spring-boot-starter-test\3.4.4\spring-boot-starter-test-3.4.4.jar;D:\Develop_tool\maven-repository\org\springframework\boot\spring-boot-test\3.4.4\spring-boot-test-3.4.4.jar;D:\Develop_tool\maven-repository\org\springframework\boot\spring-boot-test-autoconfigure\3.4.4\spring-boot-test-autoconfigure-3.4.4.jar;D:\Develop_tool\maven-repository\com\jayway\jsonpath\json-path\2.9.0\json-path-2.9.0.jar;D:\Develop_tool\maven-repository\jakarta\xml\bind\jakarta.xml.bind-api\4.0.2\jakarta.xml.bind-api-4.0.2.jar;D:\Develop_tool\maven-repository\jakarta\activation\jakarta.activation-api\2.1.3\jakarta.activation-api-2.1.3.jar;D:\Develop_tool\maven-repository\net\minidev\json-smart\2.5.2\json-smart-2.5.2.jar;D:\Develop_tool\maven-repository\net\minidev\accessors-smart\2.5.2\accessors-smart-2.5.2.jar;D:\Develop_tool\maven-repository\org\ow2\asm\asm\9.7.1\asm-9.7.1.jar;D:\Develop_tool\maven-repository\org\assertj\assertj-core\3.26.3\assertj-core-3.26.3.jar;D:\Develop_tool\maven-repository\net\bytebuddy\byte-buddy\1.15.11\byte-buddy-1.15.11.jar;D:\Develop_tool\maven-repository\org\awaitility\awaitility\4.2.2\awaitility-4.2.2.jar;D:\Develop_tool\maven-repository\org\hamcrest\hamcrest\2.2\hamcrest-2.2.jar;D:\Develop_tool\maven-repository\org\junit\jupiter\junit-jupiter\5.11.4\junit-jupiter-5.11.4.jar;D:\Develop_tool\maven-repository\org\junit\jupiter\junit-jupiter-api\5.11.4\junit-jupiter-api-5.11.4.jar;D:\Develop_tool\maven-repository\org\opentest4j\opentest4j\1.3.0\opentest4j-1.3.0.jar;D:\Develop_tool\maven-repository\org\junit\platform\junit-platform-commons\1.11.4\junit-platform-commons-1.11.4.jar;D:\Develop_tool\maven-repository\org\apiguardian\apiguardian-api\1.1.2\apiguardian-api-1.1.2.jar;D:\Develop_tool\maven-repository\org\junit\jupiter\junit-jupiter-params\5.11.4\junit-jupiter-params-5.11.4.jar;D:\Develop_tool\maven-repository\org\junit\jupiter\junit-jupiter-engine\5.11.4\junit-jupiter-engine-5.11.4.jar;D:\Develop_tool\maven-repository\org\junit\platform\junit-platform-engine\1.11.4\junit-platform-engine-1.11.4.jar;D:\Develop_tool\maven-repository\org\mockito\mockito-core\5.14.2\mockito-core-5.14.2.jar;D:\Develop_tool\maven-repository\net\bytebuddy\byte-buddy-agent\1.15.11\byte-buddy-agent-1.15.11.jar;D:\Develop_tool\maven-repository\org\objenesis\objenesis\3.3\objenesis-3.3.jar;D:\Develop_tool\maven-repository\org\mockito\mockito-junit-jupiter\5.14.2\mockito-junit-jupiter-5.14.2.jar;D:\Develop_tool\maven-repository\org\skyscreamer\jsonassert\1.5.3\jsonassert-1.5.3.jar;D:\Develop_tool\maven-repository\com\vaadin\external\google\android-json\0.0.20131108.vaadin1\android-json-0.0.20131108.vaadin1.jar;D:\Develop_tool\maven-repository\org\springframework\spring-core\6.2.5\spring-core-6.2.5.jar;D:\Develop_tool\maven-repository\org\springframework\spring-jcl\6.2.5\spring-jcl-6.2.5.jar;D:\Develop_tool\maven-repository\org\springframework\spring-test\6.2.5\spring-test-6.2.5.jar;D:\Develop_tool\maven-repository\org\xmlunit\xmlunit-core\2.10.0\xmlunit-core-2.10.0.jar;D:\Develop_tool\maven-repository\com\baomidou\mybatis-plus-spring-boot3-starter\3.5.11\mybatis-plus-spring-boot3-starter-3.5.11.jar;D:\Develop_tool\maven-repository\com\baomidou\mybatis-plus\3.5.11\mybatis-plus-3.5.11.jar;D:\Develop_tool\maven-repository\com\baomidou\mybatis-plus-core\3.5.11\mybatis-plus-core-3.5.11.jar;D:\Develop_tool\maven-repository\com\baomidou\mybatis-plus-annotation\3.5.11\mybatis-plus-annotation-3.5.11.jar;D:\Develop_tool\maven-repository\com\baomidou\mybatis-plus-spring\3.5.11\mybatis-plus-spring-3.5.11.jar;D:\Develop_tool\maven-repository\org\mybatis\mybatis\3.5.19\mybatis-3.5.19.jar;D:\Develop_tool\maven-repository\org\mybatis\mybatis-spring\3.0.4\mybatis-spring-3.0.4.jar;D:\Develop_tool\maven-repository\com\baomidou\mybatis-plus-spring-boot-autoconfigure\3.5.11\mybatis-plus-spring-boot-autoconfigure-3.5.11.jar;D:\Develop_tool\maven-repository\org\springframework\boot\spring-boot-autoconfigure\3.4.4\spring-boot-autoconfigure-3.4.4.jar;D:\Develop_tool\maven-repository\org\springframework\boot\spring-boot-starter-jdbc\3.4.4\spring-boot-starter-jdbc-3.4.4.jar;D:\Develop_tool\maven-repository\com\zaxxer\HikariCP\5.1.0\HikariCP-5.1.0.jar;D:\Develop_tool\maven-repository\org\springframework\spring-jdbc\6.2.5\spring-jdbc-6.2.5.jar;D:\Develop_tool\maven-repository\com\baomidou\mybatis-plus-jsqlparser\3.5.9\mybatis-plus-jsqlparser-3.5.9.jar;D:\Develop_tool\maven-repository\com\github\jsqlparser\jsqlparser\5.0\jsqlparser-5.0.jar;D:\Develop_tool\maven-repository\com\baomidou\mybatis-plus-jsqlparser-common\3.5.9\mybatis-plus-jsqlparser-common-3.5.9.jar;D:\Develop_tool\maven-repository\com\baomidou\mybatis-plus-extension\3.5.9\mybatis-plus-extension-3.5.9.jar;D:\Develop_tool\maven-repository\javax\xml\bind\jaxb-api\2.3.1\jaxb-api-2.3.1.jar;D:\Develop_tool\maven-repository\javax\activation\javax.activation-api\1.2.0\javax.activation-api-1.2.0.jar;D:\Develop_tool\maven-repository\com\sun\xml\bind\jaxb-impl\2.3.1\jaxb-impl-2.3.1.jar;D:\Develop_tool\maven-repository\com\sun\xml\bind\jaxb-core\2.3.0\jaxb-core-2.3.0.jar;D:\Develop_tool\maven-repository\io\jsonwebtoken\jjwt-api\0.11.5\jjwt-api-0.11.5.jar;D:\Develop_tool\maven-repository\io\jsonwebtoken\jjwt-impl\0.11.5\jjwt-impl-0.11.5.jar;D:\Develop_tool\maven-repository\io\jsonwebtoken\jjwt-jackson\0.11.5\jjwt-jackson-0.11.5.jar;D:\Develop_tool\maven-repository\com\fasterxml\jackson\core\jackson-databind\2.18.3\jackson-databind-2.18.3.jar;D:\Develop_tool\maven-repository\com\fasterxml\jackson\core\jackson-annotations\2.18.3\jackson-annotations-2.18.3.jar;D:\Develop_tool\maven-repository\com\fasterxml\jackson\core\jackson-core\2.18.3\jackson-core-2.18.3.jar;D:\Develop_tool\maven-repository\junit\junit\4.13.2\junit-4.13.2.jar;D:\Develop_tool\maven-repository\org\hamcrest\hamcrest-core\2.2\hamcrest-core-2.2.jar;D:\Develop_tool\maven-repository\org\testng\testng\7.11.0\testng-7.11.0.jar;D:\Develop_tool\maven-repository\org\slf4j\slf4j-api\2.0.17\slf4j-api-2.0.17.jar;D:\Develop_tool\maven-repository\org\jcommander\jcommander\1.83\jcommander-1.83.jar;D:\Develop_tool\maven-repository\org\webjars\jquery\3.7.1\jquery-3.7.1.jar;D:\Develop_tool\maven-repository\com\github\xiaoymin\knife4j-openapi3-jakarta-spring-boot-starter\4.5.0\knife4j-openapi3-jakarta-spring-boot-starter-4.5.0.jar;D:\Develop_tool\maven-repository\com\github\xiaoymin\knife4j-core\4.5.0\knife4j-core-4.5.0.jar;D:\Develop_tool\maven-repository\com\github\xiaoymin\knife4j-openapi3-ui\4.5.0\knife4j-openapi3-ui-4.5.0.jar;D:\Develop_tool\maven-repository\org\springdoc\springdoc-openapi-starter-webmvc-ui\2.3.0\springdoc-openapi-starter-webmvc-ui-2.3.0.jar;D:\Develop_tool\maven-repository\org\springdoc\springdoc-openapi-starter-webmvc-api\2.3.0\springdoc-openapi-starter-webmvc-api-2.3.0.jar;D:\Develop_tool\maven-repository\org\springdoc\springdoc-openapi-starter-common\2.3.0\springdoc-openapi-starter-common-2.3.0.jar;D:\Develop_tool\maven-repository\io\swagger\core\v3\swagger-core-jakarta\2.2.19\swagger-core-jakarta-2.2.19.jar;D:\Develop_tool\maven-repository\io\swagger\core\v3\swagger-annotations-jakarta\2.2.19\swagger-annotations-jakarta-2.2.19.jar;D:\Develop_tool\maven-repository\io\swagger\core\v3\swagger-models-jakarta\2.2.19\swagger-models-jakarta-2.2.19.jar;D:\Develop_tool\maven-repository\jakarta\validation\jakarta.validation-api\3.0.2\jakarta.validation-api-3.0.2.jar;D:\Develop_tool\maven-repository\com\fasterxml\jackson\dataformat\jackson-dataformat-yaml\2.18.3\jackson-dataformat-yaml-2.18.3.jar;D:\Develop_tool\maven-repository\org\webjars\swagger-ui\5.10.3\swagger-ui-5.10.3.jar;D:\Develop_tool\maven-repository\io\springfox\springfox-swagger2\3.0.0\springfox-swagger2-3.0.0.jar;D:\Develop_tool\maven-repository\io\springfox\springfox-spi\3.0.0\springfox-spi-3.0.0.jar;D:\Develop_tool\maven-repository\io\springfox\springfox-core\3.0.0\springfox-core-3.0.0.jar;D:\Develop_tool\maven-repository\io\springfox\springfox-schema\3.0.0\springfox-schema-3.0.0.jar;D:\Develop_tool\maven-repository\io\springfox\springfox-swagger-common\3.0.0\springfox-swagger-common-3.0.0.jar;D:\Develop_tool\maven-repository\io\swagger\core\v3\swagger-annotations\2.1.2\swagger-annotations-2.1.2.jar;D:\Develop_tool\maven-repository\io\springfox\springfox-spring-web\3.0.0\springfox-spring-web-3.0.0.jar;D:\Develop_tool\maven-repository\io\github\classgraph\classgraph\4.8.83\classgraph-4.8.83.jar;D:\Develop_tool\maven-repository\io\springfox\springfox-spring-webmvc\3.0.0\springfox-spring-webmvc-3.0.0.jar;D:\Develop_tool\maven-repository\io\springfox\springfox-spring-webflux\3.0.0\springfox-spring-webflux-3.0.0.jar;D:\Develop_tool\maven-repository\com\fasterxml\classmate\1.7.0\classmate-1.7.0.jar;D:\Develop_tool\maven-repository\org\springframework\plugin\spring-plugin-core\2.0.0.RELEASE\spring-plugin-core-2.0.0.RELEASE.jar;D:\Develop_tool\maven-repository\org\springframework\plugin\spring-plugin-metadata\2.0.0.RELEASE\spring-plugin-metadata-2.0.0.RELEASE.jar;D:\Develop_tool\maven-repository\io\swagger\swagger-annotations\1.5.20\swagger-annotations-1.5.20.jar;D:\Develop_tool\maven-repository\io\swagger\swagger-models\1.5.20\swagger-models-1.5.20.jar;D:\Develop_tool\maven-repository\org\mapstruct\mapstruct\1.3.1.Final\mapstruct-1.3.1.Final.jar;D:\Develop_tool\maven-repository\cn\hutool\hutool-all\5.8.16\hutool-all-5.8.16.jar;D:\Develop_tool\maven-repository\com\aliyun\oss\aliyun-sdk-oss\3.15.1\aliyun-sdk-oss-3.15.1.jar;D:\Develop_tool\maven-repository\org\apache\httpcomponents\httpclient\4.4.1\httpclient-4.4.1.jar;D:\Develop_tool\maven-repository\commons-codec\commons-codec\1.17.2\commons-codec-1.17.2.jar;D:\Develop_tool\maven-repository\org\jdom\jdom2\2.0.6.1\jdom2-2.0.6.1.jar;D:\Develop_tool\maven-repository\org\codehaus\jettison\jettison\1.1\jettison-1.1.jar;D:\Develop_tool\maven-repository\stax\stax-api\1.0.1\stax-api-1.0.1.jar;D:\Develop_tool\maven-repository\com\aliyun\aliyun-java-sdk-ram\3.1.0\aliyun-java-sdk-ram-3.1.0.jar;D:\Develop_tool\maven-repository\com\aliyun\aliyun-java-sdk-kms\2.11.0\aliyun-java-sdk-kms-2.11.0.jar;D:\Develop_tool\maven-repository\com\aliyun\aliyun-java-sdk-core\4.6.3\aliyun-java-sdk-core-4.6.3.jar;D:\Develop_tool\maven-repository\com\google\code\gson\gson\2.11.0\gson-2.11.0.jar;D:\Develop_tool\maven-repository\com\google\errorprone\error_prone_annotations\2.27.0\error_prone_annotations-2.27.0.jar;D:\Develop_tool\maven-repository\org\apache\httpcomponents\httpcore\4.4.16\httpcore-4.4.16.jar;D:\Develop_tool\maven-repository\commons-logging\commons-logging\1.2\commons-logging-1.2.jar;D:\Develop_tool\maven-repository\org\apache\commons\commons-lang3\3.17.0\commons-lang3-3.17.0.jar;D:\Develop_tool\maven-repository\org\glassfish\jaxb\jaxb-runtime\4.0.5\jaxb-runtime-4.0.5.jar;D:\Develop_tool\maven-repository\org\glassfish\jaxb\jaxb-core\4.0.5\jaxb-core-4.0.5.jar;D:\Develop_tool\maven-repository\org\eclipse\angus\angus-activation\2.0.2\angus-activation-2.0.2.jar;D:\Develop_tool\maven-repository\org\glassfish\jaxb\txw2\4.0.5\txw2-4.0.5.jar;D:\Develop_tool\maven-repository\com\sun\istack\istack-commons-runtime\4.1.2\istack-commons-runtime-4.1.2.jar;D:\Develop_tool\maven-repository\org\bouncycastle\bcprov-jdk15on\1.70\bcprov-jdk15on-1.70.jar;D:\Develop_tool\maven-repository\org\jacoco\org.jacoco.agent\0.8.8\org.jacoco.agent-0.8.8-runtime.jar;D:\Develop_tool\maven-repository\org\ini4j\ini4j\0.5.4\ini4j-0.5.4.jar;D:\Develop_tool\maven-repository\io\opentracing\opentracing-api\0.33.0\opentracing-api-0.33.0.jar;D:\Develop_tool\maven-repository\io\opentracing\opentracing-util\0.33.0\opentracing-util-0.33.0.jar;D:\Develop_tool\maven-repository\io\opentracing\opentracing-noop\0.33.0\opentracing-noop-0.33.0.jar;D:\Develop_tool\maven-repository\org\springframework\boot\spring-boot-starter-data-redis\3.4.4\spring-boot-starter-data-redis-3.4.4.jar;D:\Develop_tool\maven-repository\io\lettuce\lettuce-core\6.4.2.RELEASE\lettuce-core-6.4.2.RELEASE.jar;D:\Develop_tool\maven-repository\io\netty\netty-common\4.1.119.Final\netty-common-4.1.119.Final.jar;D:\Develop_tool\maven-repository\io\netty\netty-handler\4.1.119.Final\netty-handler-4.1.119.Final.jar;D:\Develop_tool\maven-repository\io\netty\netty-resolver\4.1.119.Final\netty-resolver-4.1.119.Final.jar;D:\Develop_tool\maven-repository\io\netty\netty-buffer\4.1.119.Final\netty-buffer-4.1.119.Final.jar;D:\Develop_tool\maven-repository\io\netty\netty-transport-native-unix-common\4.1.119.Final\netty-transport-native-unix-common-4.1.119.Final.jar;D:\Develop_tool\maven-repository\io\netty\netty-codec\4.1.119.Final\netty-codec-4.1.119.Final.jar;D:\Develop_tool\maven-repository\io\netty\netty-transport\4.1.119.Final\netty-transport-4.1.119.Final.jar;D:\Develop_tool\maven-repository\io\projectreactor\reactor-core\3.7.4\reactor-core-3.7.4.jar;D:\Develop_tool\maven-repository\org\reactivestreams\reactive-streams\1.0.4\reactive-streams-1.0.4.jar;D:\Develop_tool\maven-repository\org\springframework\data\spring-data-redis\3.4.4\spring-data-redis-3.4.4.jar;D:\Develop_tool\maven-repository\org\springframework\data\spring-data-keyvalue\3.4.4\spring-data-keyvalue-3.4.4.jar;D:\Develop_tool\maven-repository\org\springframework\data\spring-data-commons\3.4.4\spring-data-commons-3.4.4.jar;D:\Develop_tool\maven-repository\org\springframework\spring-tx\6.2.5\spring-tx-6.2.5.jar;D:\Develop_tool\maven-repository\org\springframework\spring-oxm\6.2.5\spring-oxm-6.2.5.jar;D:\Develop_tool\maven-repository\org\springframework\spring-context-support\6.2.5\spring-context-support-6.2.5.jar;"/>
    <property name="sun.cpu.endian" value="little"/>
    <property name="user.home" value="C:\Users\LHS"/>
    <property name="user.language" value="zh"/>
    <property name="java.specification.vendor" value="Oracle Corporation"/>
    <property name="java.version.date" value="2024-01-16"/>
    <property name="java.home" value="D:\Develop_tool\Java\jdk-17"/>
    <property name="file.separator" value="\"/>
    <property name="basedir" value="D:\myblog\hs-blog"/>
    <property name="java.vm.compressedOopsMode" value="Zero based"/>
    <property name="line.separator" value="&#10;"/>
    <property name="java.vm.specification.vendor" value="Oracle Corporation"/>
    <property name="java.specification.name" value="Java Platform API Specification"/>
    <property name="FILE_LOG_CHARSET" value="GBK"/>
    <property name="java.awt.headless" value="true"/>
    <property name="surefire.real.class.path" value="C:\Users\LHS\AppData\Local\Temp\surefire13708269823401391296\surefirebooter-20250430140211098_3.jar"/>
    <property name="user.script" value=""/>
    <property name="sun.management.compiler" value="HotSpot 64-Bit Tiered Compilers"/>
    <property name="java.runtime.version" value="17.0.10+11-LTS-240"/>
    <property name="user.name" value="LHS"/>
    <property name="path.separator" value=";"/>
    <property name="os.version" value="10.0"/>
    <property name="java.runtime.name" value="Java(TM) SE Runtime Environment"/>
    <property name="file.encoding" value="GBK"/>
    <property name="java.vm.name" value="Java HotSpot(TM) 64-Bit Server VM"/>
    <property name="localRepository" value="D:\Develop_tool\maven-repository"/>
    <property name="java.vendor.url.bug" value="https://bugreport.java.com/bugreport/"/>
    <property name="java.io.tmpdir" value="C:\Users\LHS\AppData\Local\Temp\"/>
    <property name="idea.version" value="2024.2.4"/>
    <property name="java.version" value="17.0.10"/>
    <property name="user.dir" value="D:\myblog\hs-blog"/>
    <property name="os.arch" value="amd64"/>
    <property name="java.vm.specification.name" value="Java Virtual Machine Specification"/>
    <property name="PID" value="47596"/>
    <property name="sun.os.patch.level" value=""/>
    <property name="CONSOLE_LOG_CHARSET" value="GBK"/>
    <property name="native.encoding" value="GBK"/>
    <property name="java.library.path" value="D:\Develop_tool\Java\jdk-17\bin;C:\Windows\Sun\Java\bin;C:\Windows\system32;C:\Windows;D:\Develop_tool\Java\jdk-21\bin;C:\Program Files\Common Files\Oracle\Java\javapath;D:\Python\Scripts\;D:\Python\;C:\Windows\system32;C:\Windows;C:\Windows\System32\Wbem;C:\Windows\System32\WindowsPowerShell\v1.0\;C:\Windows\System32\OpenSSH\;C:\Program Files (x86)\NVIDIA Corporation\PhysX\Common;C:\Program Files\NVIDIA Corporation\NVIDIA NvDLISR;C:\Program Files\dotnet\;D:\Develop_tool\apache-maven-3.9.9\bin;C:\Program Files\MySQL\MySQL Server 8.0\bin;D:\Develop_tool\Vagrant\bin;D:\Develop_tool\Git\cmd;D:\Develop_tool\Redis\;D:\微信web开发者工具\dll;D:\微信web开发者工具（课件版）\dll;D:\Develop_tool\nvm-windows\nvm;D:\Develop_tool\nvm-windows\nodejs;D:\Develop_tool\Java\jdk-21\bin;C:\Program Files\MySQL\MySQL Shell 8.0\bin\;C:\Users\LHS\AppData\Local\Microsoft\WindowsApps;D:\Microsoft VS Code\bin;D:\PyCharm 2023.3.5\bin;;D:\Develop_tool\IntelliJ IDEA 2024.2.4\bin;;C:\Users\LHS\AppData\Roaming\npm;D:\Develop_tool\nvm-windows\nvm;D:\Develop_tool\nvm-windows\nodejs;D:\Develop_tool\WebStorm 2024.3.5\bin;;D:\Develop_tool\DataGrip 2024.3.5\bin;;."/>
    <property name="java.vm.info" value="mixed mode, sharing"/>
    <property name="java.vendor" value="Oracle Corporation"/>
    <property name="java.vm.version" value="17.0.10+11-LTS-240"/>
    <property name="sun.io.unicode.encoding" value="UnicodeLittle"/>
    <property name="maven.repo.local" value="D:\Develop_tool\maven-repository"/>
    <property name="java.class.version" value="61.0"/>
    <property name="LOGGED_APPLICATION_NAME" value="[hs-blog] "/>
  </properties>
  <testcase name="contextLoads" classname="com.hs.blog.HsBlogApplicationTests" time="0.448">
    <system-out><![CDATA[14:02:11.891 [main] INFO org.springframework.test.context.support.AnnotationConfigContextLoaderUtils -- Could not detect default configuration classes for test class [com.hs.blog.HsBlogApplicationTests]: HsBlogApplicationTests does not declare any static, non-private, non-final, nested classes annotated with @Configuration.
14:02:11.978 [main] INFO org.springframework.boot.test.context.SpringBootTestContextBootstrapper -- Found @SpringBootConfiguration com.hs.blog.HsBlogApplication for test class com.hs.blog.HsBlogApplicationTests

  .   ____          _            __ _ _
 /\\ / ___'_ __ _ _(_)_ __  __ _ \ \ \ \
( ( )\___ | '_ | '_| | '_ \/ _` | \ \ \ \
 \\/  ___)| |_)| | | | | || (_| |  ) ) ) )
  '  |____| .__|_| |_|_| |_\__, | / / / /
 =========|_|==============|___/=/_/_/_/

 :: Spring Boot ::                (v3.4.4)

2025-04-30T14:02:12.338+08:00  INFO 47596 --- [hs-blog] [           main] com.hs.blog.HsBlogApplicationTests       : Starting HsBlogApplicationTests using Java 17.0.10 with PID 47596 (started by LHS in D:\myblog\hs-blog)
2025-04-30T14:02:12.340+08:00  INFO 47596 --- [hs-blog] [           main] com.hs.blog.HsBlogApplicationTests       : No active profile set, falling back to 1 default profile: "default"
2025-04-30T14:02:12.958+08:00  INFO 47596 --- [hs-blog] [           main] .s.d.r.c.RepositoryConfigurationDelegate : Multiple Spring Data modules found, entering strict repository configuration mode
2025-04-30T14:02:12.960+08:00  INFO 47596 --- [hs-blog] [           main] .s.d.r.c.RepositoryConfigurationDelegate : Bootstrapping Spring Data Redis repositories in DEFAULT mode.
2025-04-30T14:02:12.981+08:00  INFO 47596 --- [hs-blog] [           main] .s.d.r.c.RepositoryConfigurationDelegate : Finished Spring Data repository scanning in 10 ms. Found 0 Redis repository interfaces.
Logging initialized using 'class org.apache.ibatis.logging.stdout.StdOutImpl' adapter.
Get /192.168.0.119 network interface 
Get network interface info: name:wlan2 (Intel(R) Wi-Fi 6E AX210 160MHz)
Initialization Sequence datacenterId:30 workerId:18
 _ _   |_  _ _|_. ___ _ |    _ 
| | |\/|_)(_| | |_\  |_)||_|_\ 
     /               |         
                        3.5.11 
2025-04-30T14:02:14.426+08:00  INFO 47596 --- [hs-blog] [           main] o.s.v.b.OptionalValidatorFactoryBean     : Failed to set up a Bean Validation provider: jakarta.validation.NoProviderFoundException: Unable to create a Configuration, because no Jakarta Bean Validation provider could be found. Add a provider like Hibernate Validator (RI) to your classpath.
2025-04-30T14:02:14.931+08:00  INFO 47596 --- [hs-blog] [           main] com.hs.blog.HsBlogApplicationTests       : Started HsBlogApplicationTests in 2.813 seconds (process running for 3.738)
]]></system-out>
  </testcase>
</testsuite>